[Launcher] Logging to E:\javaIDE\javacode\COS30018-Dealership-project\Scripts\logs\host.log
May 11, 2026 4:41:39 PM jade.core.Runtime beginContainer
INFO: ----------------------------------
    This is JADE 4.6.0 - revision 6869 of 30-11-2022 14:47:03
    downloaded in Open Source, under LGPL restrictions,
    at http://jade.tilab.com/
----------------------------------------
May 11, 2026 4:41:39 PM jade.imtp.leap.LEAPIMTPManager initialize
INFO: Listening for intra-platform commands on address:
- jicp://172.17.75.103:1099

May 11, 2026 4:41:40 PM jade.core.BaseService init
INFO: Service jade.core.management.AgentManagement initialized
May 11, 2026 4:41:40 PM jade.core.BaseService init
INFO: Service jade.core.messaging.Messaging initialized
May 11, 2026 4:41:40 PM jade.core.BaseService init
INFO: Service jade.core.resource.ResourceManagement initialized
May 11, 2026 4:41:40 PM jade.core.BaseService init
INFO: Service jade.core.mobility.AgentMobility initialized
May 11, 2026 4:41:40 PM jade.core.BaseService init
INFO: Service jade.core.event.Notification initialized
May 11, 2026 4:41:40 PM jade.mtp.http.HTTPServer <init>
INFO: HTTP-MTP Using XML parser com.sun.org.apache.xerces.internal.jaxp.SAXParserImpl$JAXPSAXParser
May 11, 2026 4:41:40 PM jade.core.messaging.MessagingService boot
INFO: MTP addresses:
http://172.17.75.103:7778/acc
May 11, 2026 4:41:40 PM jade.core.AgentContainerImpl joinPlatform
INFO: --------------------------------------
Agent container Main-Container@172.17.75.103 is ready.
--------------------------------------------
[Launcher] Connecting to JADE platform at 172.17.75.103:1099...
[Launcher] Binding to local IP: 172.17.75.103
May 11, 2026 4:41:40 PM jade.core.Runtime beginContainer
INFO: ----------------------------------
    This is JADE 4.6.0 - revision 6869 of 30-11-2022 14:47:03
    downloaded in Open Source, under LGPL restrictions,
    at http://jade.tilab.com/
----------------------------------------
May 11, 2026 4:41:40 PM jade.imtp.leap.LEAPIMTPManager initialize
INFO: Listening for intra-platform commands on address:
- jicp://172.17.75.103:1099

May 11, 2026 4:41:40 PM jade.core.BaseService init
INFO: Service jade.core.management.AgentManagement initialized
May 11, 2026 4:41:40 PM jade.core.BaseService init
INFO: Service jade.core.messaging.Messaging initialized
May 11, 2026 4:41:40 PM jade.core.BaseService init
INFO: Service jade.core.resource.ResourceManagement initialized
May 11, 2026 4:41:40 PM jade.core.BaseService init
INFO: Service jade.core.mobility.AgentMobility initialized
May 11, 2026 4:41:40 PM jade.core.BaseService init
INFO: Service jade.core.event.Notification initialized
May 11, 2026 4:41:40 PM jade.core.PlatformManagerImpl localAddNode
INFO: Adding node <broker-market> to the platform
May 11, 2026 4:41:40 PM jade.core.PlatformManagerImpl$1 nodeAdded
INFO: --- Node <broker-market> ALIVE ---
May 11, 2026 4:41:40 PM jade.core.AgentContainerImpl joinPlatform
INFO: --------------------------------------
Agent container broker-market@172.17.75.103 is ready.
--------------------------------------------
[Launcher] Successfully connected to JADE platform
[Launcher] Broker agent 'broker' started in container 'broker-market'
[Broker] [2026-05-11 16:41:40] [INFO] Broker Agent starting as broker@172.17.75.103:1099/JADE

════════════════════════════════════════════════
  HOST is running — Main Container started
  Broker Agent : broker in container broker-market
  JADE platform : 172.17.75.103:1099/JADE
  Your IP       : 172.17.75.103
  Share the IP above OR let groupmates Search
════════════════════════════════════════════════

[Discovery] Listening for peers on UDP port 45678
[Launcher] HOST 'agent' running. Press Ctrl+C to stop.
[Broker] [2026-05-11 16:41:40] [INFO] Registered in JADE DF as service type: car-negotiation-broker
[Broker] [2026-05-11 16:41:40] [INFO] Platform ready in headless mode - waiting for dealers and buyers.
May 11, 2026 4:41:46 PM jade.core.PlatformManagerImpl localAddNode
INFO: Adding node <sellers-market> to the platform
May 11, 2026 4:41:46 PM jade.core.PlatformManagerImpl$1 nodeAdded
INFO: --- Node <sellers-market> ALIVE ---
[Broker] [2026-05-11 16:41:47] [MESSAGE] from PeroduaDealer [LISTING_REGISTER            ] 2018 Perodua Axia  RM 26000  [ID: 729A4345]
[Broker] [2026-05-11 16:41:47] [MESSAGE] to PeroduaDealer [LISTING_ACK                 ] ACK for 729A4345
[Broker] [2026-05-11 16:41:47] [MESSAGE] from PeroduaDealer [LISTING_REGISTER            ] 2019 Perodua Axia  RM 29000  [ID: 89044EF7]
[Broker] [2026-05-11 16:41:47] [MESSAGE] to PeroduaDealer [LISTING_ACK                 ] ACK for 89044EF7
[Broker] [2026-05-11 16:41:47] [MESSAGE] from PeroduaDealer [LISTING_REGISTER            ] 2020 Perodua Axia  RM 33000  [ID: 8F869A17]
[Broker] [2026-05-11 16:41:47] [MESSAGE] to PeroduaDealer [LISTING_ACK                 ] ACK for 8F869A17
[Broker] [2026-05-11 16:41:47] [MESSAGE] from PeroduaDealer [LISTING_REGISTER            ] 2021 Perodua Axia  RM 33000  [ID: 75422F0E]
[Broker] [2026-05-11 16:41:47] [MESSAGE] to PeroduaDealer [LISTING_ACK                 ] ACK for 75422F0E
[Broker] [2026-05-11 16:41:47] [MESSAGE] from PeroduaDealer [LISTING_REGISTER            ] 2022 Perodua Axia  RM 36000  [ID: CF80E604]
[Broker] [2026-05-11 16:41:47] [MESSAGE] to PeroduaDealer [LISTING_ACK                 ] ACK for CF80E604
[Broker] [2026-05-11 16:41:47] [MESSAGE] from PeroduaDealer [LISTING_REGISTER            ] 2023 Perodua Axia  RM 41000  [ID: B9C7D13D]
[Broker] [2026-05-11 16:41:47] [MESSAGE] to PeroduaDealer [LISTING_ACK                 ] ACK for B9C7D13D
[Broker] [2026-05-11 16:41:47] [MESSAGE] from PeroduaDealer [LISTING_REGISTER            ] 2018 Perodua Bezza  RM 33000  [ID: 9836DF49]
[Broker] [2026-05-11 16:41:47] [MESSAGE] to PeroduaDealer [LISTING_ACK                 ] ACK for 9836DF49
[Broker] [2026-05-11 16:41:47] [MESSAGE] from PeroduaDealer [LISTING_REGISTER            ] 2019 Perodua Bezza  RM 37000  [ID: 84D31FB8]
[Broker] [2026-05-11 16:41:47] [MESSAGE] to PeroduaDealer [LISTING_ACK                 ] ACK for 84D31FB8
[Broker] [2026-05-11 16:41:47] [MESSAGE] from PeroduaDealer [LISTING_REGISTER            ] 2020 Perodua Bezza  RM 37000  [ID: BC1D2419]
[Broker] [2026-05-11 16:41:47] [MESSAGE] to PeroduaDealer [LISTING_ACK                 ] ACK for BC1D2419
[Broker] [2026-05-11 16:41:47] [MESSAGE] from PeroduaDealer [LISTING_REGISTER            ] 2021 Perodua Bezza  RM 43000  [ID: 265B8D04]
[Broker] [2026-05-11 16:41:47] [MESSAGE] to PeroduaDealer [LISTING_ACK                 ] ACK for 265B8D04
[Broker] [2026-05-11 16:41:47] [MESSAGE] from PeroduaDealer [LISTING_REGISTER            ] 2022 Perodua Bezza  RM 45000  [ID: 6BC88A02]
[Broker] [2026-05-11 16:41:47] [MESSAGE] to PeroduaDealer [LISTING_ACK                 ] ACK for 6BC88A02
[Broker] [2026-05-11 16:41:47] [MESSAGE] from PeroduaDealer [LISTING_REGISTER            ] 2023 Perodua Bezza  RM 51000  [ID: F03985B2]
[Broker] [2026-05-11 16:41:47] [MESSAGE] to PeroduaDealer [LISTING_ACK                 ] ACK for F03985B2
[Broker] [2026-05-11 16:41:47] [MESSAGE] from PeroduaDealer [LISTING_REGISTER            ] 2017 Perodua Myvi  RM 35000  [ID: 706B173D]
[Broker] [2026-05-11 16:41:47] [MESSAGE] to PeroduaDealer [LISTING_ACK                 ] ACK for 706B173D
[Broker] [2026-05-11 16:41:47] [MESSAGE] from PeroduaDealer [LISTING_REGISTER            ] 2018 Perodua Myvi  RM 37000  [ID: CC3BE25B]
[Broker] [2026-05-11 16:41:47] [MESSAGE] to PeroduaDealer [LISTING_ACK                 ] ACK for CC3BE25B
[Broker] [2026-05-11 16:41:47] [MESSAGE] from PeroduaDealer [LISTING_REGISTER            ] 2019 Perodua Myvi  RM 44000  [ID: 3B81CB2E]
[Broker] [2026-05-11 16:41:47] [MESSAGE] to PeroduaDealer [LISTING_ACK                 ] ACK for 3B81CB2E
[Broker] [2026-05-11 16:41:47] [MESSAGE] from PeroduaDealer [LISTING_REGISTER            ] 2020 Perodua Myvi  RM 45000  [ID: 85170D1B]
[Broker] [2026-05-11 16:41:47] [MESSAGE] to PeroduaDealer [LISTING_ACK                 ] ACK for 85170D1B
[Broker] [2026-05-11 16:41:47] [MESSAGE] from PeroduaDealer [LISTING_REGISTER            ] 2021 Perodua Myvi  RM 50000  [ID: 4E8754B6]
[Broker] [2026-05-11 16:41:47] [MESSAGE] to PeroduaDealer [LISTING_ACK                 ] ACK for 4E8754B6
[Broker] [2026-05-11 16:41:47] [MESSAGE] from PeroduaDealer [LISTING_REGISTER            ] 2022 Perodua Myvi  RM 51000  [ID: 45CD26FF]
[Broker] [2026-05-11 16:41:47] [MESSAGE] to PeroduaDealer [LISTING_ACK                 ] ACK for 45CD26FF
[Broker] [2026-05-11 16:41:47] [MESSAGE] from PeroduaDealer [LISTING_REGISTER            ] 2023 Perodua Myvi  RM 57000  [ID: 1665AE89]
[Broker] [2026-05-11 16:41:47] [MESSAGE] to PeroduaDealer [LISTING_ACK                 ] ACK for 1665AE89
May 11, 2026 4:41:48 PM jade.core.PlatformManagerImpl localAddNode
INFO: Adding node <sellers-market-1> to the platform
May 11, 2026 4:41:48 PM jade.core.PlatformManagerImpl$1 nodeAdded
INFO: --- Node <sellers-market-1> ALIVE ---
[Broker] [2026-05-11 16:41:49] [MESSAGE] from ToyotaDealer [LISTING_REGISTER            ] 2018 Toyota Hilux  RM 106000  [ID: F2A5AE90]
[Broker] [2026-05-11 16:41:49] [MESSAGE] to ToyotaDealer [LISTING_ACK                 ] ACK for F2A5AE90
[Broker] [2026-05-11 16:41:49] [MESSAGE] from ToyotaDealer [LISTING_REGISTER            ] 2019 Toyota Hilux  RM 109000  [ID: 9FC6DB3C]
[Broker] [2026-05-11 16:41:49] [MESSAGE] to ToyotaDealer [LISTING_ACK                 ] ACK for 9FC6DB3C
[Broker] [2026-05-11 16:41:49] [MESSAGE] from ToyotaDealer [LISTING_REGISTER            ] 2020 Toyota Hilux  RM 119000  [ID: C763395E]
[Broker] [2026-05-11 16:41:49] [MESSAGE] to ToyotaDealer [LISTING_ACK                 ] ACK for C763395E
[Broker] [2026-05-11 16:41:49] [MESSAGE] from ToyotaDealer [LISTING_REGISTER            ] 2021 Toyota Hilux  RM 137000  [ID: 6E08C749]
[Broker] [2026-05-11 16:41:49] [MESSAGE] to ToyotaDealer [LISTING_ACK                 ] ACK for 6E08C749
[Broker] [2026-05-11 16:41:49] [MESSAGE] from ToyotaDealer [LISTING_REGISTER            ] 2022 Toyota Hilux  RM 148000  [ID: E323B4E8]
[Broker] [2026-05-11 16:41:49] [MESSAGE] to ToyotaDealer [LISTING_ACK                 ] ACK for E323B4E8
[Broker] [2026-05-11 16:41:49] [MESSAGE] from ToyotaDealer [LISTING_REGISTER            ] 2023 Toyota Hilux  RM 155000  [ID: 79E9AA2D]
[Broker] [2026-05-11 16:41:49] [MESSAGE] to ToyotaDealer [LISTING_ACK                 ] ACK for 79E9AA2D
[Broker] [2026-05-11 16:41:49] [MESSAGE] from ToyotaDealer [LISTING_REGISTER            ] 2017 Toyota Vios  RM 52000  [ID: 1727D5E9]
[Broker] [2026-05-11 16:41:49] [MESSAGE] to ToyotaDealer [LISTING_ACK                 ] ACK for 1727D5E9
[Broker] [2026-05-11 16:41:49] [MESSAGE] from ToyotaDealer [LISTING_REGISTER            ] 2018 Toyota Vios  RM 61000  [ID: 355180D3]
[Broker] [2026-05-11 16:41:49] [MESSAGE] to ToyotaDealer [LISTING_ACK                 ] ACK for 355180D3
[Broker] [2026-05-11 16:41:49] [MESSAGE] from ToyotaDealer [LISTING_REGISTER            ] 2019 Toyota Vios  RM 70000  [ID: B5F4AA59]
[Broker] [2026-05-11 16:41:49] [MESSAGE] to ToyotaDealer [LISTING_ACK                 ] ACK for B5F4AA59
[Broker] [2026-05-11 16:41:49] [MESSAGE] from ToyotaDealer [LISTING_REGISTER            ] 2020 Toyota Vios  RM 82000  [ID: 26D02076]
[Broker] [2026-05-11 16:41:49] [MESSAGE] to ToyotaDealer [LISTING_ACK                 ] ACK for 26D02076
[Broker] [2026-05-11 16:41:49] [MESSAGE] from ToyotaDealer [LISTING_REGISTER            ] 2021 Toyota Vios  RM 83000  [ID: 50D61A8F]
[Broker] [2026-05-11 16:41:49] [MESSAGE] to ToyotaDealer [LISTING_ACK                 ] ACK for 50D61A8F
[Broker] [2026-05-11 16:41:49] [MESSAGE] from ToyotaDealer [LISTING_REGISTER            ] 2022 Toyota Vios  RM 94000  [ID: 570B48AD]
[Broker] [2026-05-11 16:41:49] [MESSAGE] to ToyotaDealer [LISTING_ACK                 ] ACK for 570B48AD
[Broker] [2026-05-11 16:41:49] [MESSAGE] from ToyotaDealer [LISTING_REGISTER            ] 2023 Toyota Vios  RM 97000  [ID: E853059E]
[Broker] [2026-05-11 16:41:49] [MESSAGE] to ToyotaDealer [LISTING_ACK                 ] ACK for E853059E
[Broker] [2026-05-11 16:41:49] [MESSAGE] from ToyotaDealer [LISTING_REGISTER            ] 2017 Toyota Yaris  RM 56000  [ID: A154D0FE]
[Broker] [2026-05-11 16:41:49] [MESSAGE] to ToyotaDealer [LISTING_ACK                 ] ACK for A154D0FE
[Broker] [2026-05-11 16:41:49] [MESSAGE] from ToyotaDealer [LISTING_REGISTER            ] 2018 Toyota Yaris  RM 63000  [ID: CA1EA6D4]
[Broker] [2026-05-11 16:41:49] [MESSAGE] to ToyotaDealer [LISTING_ACK                 ] ACK for CA1EA6D4
[Broker] [2026-05-11 16:41:49] [MESSAGE] from ToyotaDealer [LISTING_REGISTER            ] 2019 Toyota Yaris  RM 69000  [ID: A09EFEE5]
[Broker] [2026-05-11 16:41:49] [MESSAGE] to ToyotaDealer [LISTING_ACK                 ] ACK for A09EFEE5
[Broker] [2026-05-11 16:41:49] [MESSAGE] from ToyotaDealer [LISTING_REGISTER            ] 2020 Toyota Yaris  RM 79000  [ID: 57D5D1FB]
[Broker] [2026-05-11 16:41:49] [MESSAGE] to ToyotaDealer [LISTING_ACK                 ] ACK for 57D5D1FB
[Broker] [2026-05-11 16:41:49] [MESSAGE] from ToyotaDealer [LISTING_REGISTER            ] 2021 Toyota Yaris  RM 82000  [ID: 375529E1]
[Broker] [2026-05-11 16:41:49] [MESSAGE] to ToyotaDealer [LISTING_ACK                 ] ACK for 375529E1
[Broker] [2026-05-11 16:41:49] [MESSAGE] from ToyotaDealer [LISTING_REGISTER            ] 2022 Toyota Yaris  RM 91000  [ID: F8911047]
[Broker] [2026-05-11 16:41:49] [MESSAGE] to ToyotaDealer [LISTING_ACK                 ] ACK for F8911047
[Broker] [2026-05-11 16:41:49] [MESSAGE] from ToyotaDealer [LISTING_REGISTER            ] 2023 Toyota Yaris  RM 99000  [ID: 7DAD6863]
[Broker] [2026-05-11 16:41:49] [MESSAGE] to ToyotaDealer [LISTING_ACK                 ] ACK for 7DAD6863
May 11, 2026 4:41:50 PM jade.core.PlatformManagerImpl localAddNode
INFO: Adding node <sellers-market-2> to the platform
May 11, 2026 4:41:50 PM jade.core.PlatformManagerImpl$1 nodeAdded
INFO: --- Node <sellers-market-2> ALIVE ---
[Broker] [2026-05-11 16:41:52] [MESSAGE] from HondaDealer [LISTING_REGISTER            ] 2018 Honda City  RM 59000  [ID: 6C4BA0B2]
[Broker] [2026-05-11 16:41:52] [MESSAGE] to HondaDealer  [LISTING_ACK                 ] ACK for 6C4BA0B2
[Broker] [2026-05-11 16:41:52] [MESSAGE] from HondaDealer [LISTING_REGISTER            ] 2019 Honda City  RM 68000  [ID: 854C8295]
[Broker] [2026-05-11 16:41:52] [MESSAGE] to HondaDealer  [LISTING_ACK                 ] ACK for 854C8295
[Broker] [2026-05-11 16:41:52] [MESSAGE] from HondaDealer [LISTING_REGISTER            ] 2020 Honda City  RM 80000  [ID: ACAA23A7]
[Broker] [2026-05-11 16:41:52] [MESSAGE] to HondaDealer  [LISTING_ACK                 ] ACK for ACAA23A7
[Broker] [2026-05-11 16:41:52] [MESSAGE] from HondaDealer [LISTING_REGISTER            ] 2021 Honda City  RM 86000  [ID: 1E04EA8E]
[Broker] [2026-05-11 16:41:52] [MESSAGE] to HondaDealer  [LISTING_ACK                 ] ACK for 1E04EA8E
[Broker] [2026-05-11 16:41:52] [MESSAGE] from HondaDealer [LISTING_REGISTER            ] 2022 Honda City  RM 95000  [ID: 7306E22C]
[Broker] [2026-05-11 16:41:52] [MESSAGE] to HondaDealer  [LISTING_ACK                 ] ACK for 7306E22C
[Broker] [2026-05-11 16:41:52] [MESSAGE] from HondaDealer [LISTING_REGISTER            ] 2023 Honda City  RM 98000  [ID: C5C11B03]
[Broker] [2026-05-11 16:41:52] [MESSAGE] to HondaDealer  [LISTING_ACK                 ] ACK for C5C11B03
[Broker] [2026-05-11 16:41:52] [MESSAGE] from HondaDealer [LISTING_REGISTER            ] 2017 Honda Civic  RM 71000  [ID: 9E1A6A82]
[Broker] [2026-05-11 16:41:52] [MESSAGE] to HondaDealer  [LISTING_ACK                 ] ACK for 9E1A6A82
[Broker] [2026-05-11 16:41:52] [MESSAGE] from HondaDealer [LISTING_REGISTER            ] 2018 Honda Civic  RM 84000  [ID: FA3BB653]
[Broker] [2026-05-11 16:41:52] [MESSAGE] to HondaDealer  [LISTING_ACK                 ] ACK for FA3BB653
[Broker] [2026-05-11 16:41:52] [MESSAGE] from HondaDealer [LISTING_REGISTER            ] 2019 Honda Civic  RM 97000  [ID: 2D3C0A41]
[Broker] [2026-05-11 16:41:52] [MESSAGE] to HondaDealer  [LISTING_ACK                 ] ACK for 2D3C0A41
[Broker] [2026-05-11 16:41:52] [MESSAGE] from HondaDealer [LISTING_REGISTER            ] 2020 Honda Civic  RM 115000  [ID: 75DC968C]
[Broker] [2026-05-11 16:41:52] [MESSAGE] to HondaDealer  [LISTING_ACK                 ] ACK for 75DC968C
[Broker] [2026-05-11 16:41:52] [MESSAGE] from HondaDealer [LISTING_REGISTER            ] 2021 Honda Civic  RM 121000  [ID: EB030F17]
[Broker] [2026-05-11 16:41:52] [MESSAGE] to HondaDealer  [LISTING_ACK                 ] ACK for EB030F17
[Broker] [2026-05-11 16:41:52] [MESSAGE] from HondaDealer [LISTING_REGISTER            ] 2022 Honda Civic  RM 131000  [ID: 64172D78]
[Broker] [2026-05-11 16:41:52] [MESSAGE] to HondaDealer  [LISTING_ACK                 ] ACK for 64172D78
[Broker] [2026-05-11 16:41:52] [MESSAGE] from HondaDealer [LISTING_REGISTER            ] 2023 Honda Civic  RM 147000  [ID: 496A0D64]
[Broker] [2026-05-11 16:41:52] [MESSAGE] to HondaDealer  [LISTING_ACK                 ] ACK for 496A0D64
[Broker] [2026-05-11 16:41:52] [MESSAGE] from HondaDealer [LISTING_REGISTER            ] 2018 Honda HR-V  RM 88000  [ID: 0C4505D1]
[Broker] [2026-05-11 16:41:52] [MESSAGE] to HondaDealer  [LISTING_ACK                 ] ACK for 0C4505D1
[Broker] [2026-05-11 16:41:52] [MESSAGE] from HondaDealer [LISTING_REGISTER            ] 2019 Honda HR-V  RM 96000  [ID: 632E6A37]
[Broker] [2026-05-11 16:41:52] [MESSAGE] to HondaDealer  [LISTING_ACK                 ] ACK for 632E6A37
[Broker] [2026-05-11 16:41:52] [MESSAGE] from HondaDealer [LISTING_REGISTER            ] 2020 Honda HR-V  RM 109000  [ID: 0D2B9607]
[Broker] [2026-05-11 16:41:52] [MESSAGE] to HondaDealer  [LISTING_ACK                 ] ACK for 0D2B9607
[Broker] [2026-05-11 16:41:52] [MESSAGE] from HondaDealer [LISTING_REGISTER            ] 2021 Honda HR-V  RM 128000  [ID: C96FEA1F]
[Broker] [2026-05-11 16:41:52] [MESSAGE] to HondaDealer  [LISTING_ACK                 ] ACK for C96FEA1F
[Broker] [2026-05-11 16:41:52] [MESSAGE] from HondaDealer [LISTING_REGISTER            ] 2022 Honda HR-V  RM 131000  [ID: D97C6A22]
[Broker] [2026-05-11 16:41:52] [MESSAGE] to HondaDealer  [LISTING_ACK                 ] ACK for D97C6A22
[Broker] [2026-05-11 16:41:52] [MESSAGE] from HondaDealer [LISTING_REGISTER            ] 2023 Honda HR-V  RM 144000  [ID: 3F709430]
[Broker] [2026-05-11 16:41:52] [MESSAGE] to HondaDealer  [LISTING_ACK                 ] ACK for 3F709430
May 11, 2026 4:41:52 PM jade.core.PlatformManagerImpl localAddNode
INFO: Adding node <sellers-market-3> to the platform
May 11, 2026 4:41:52 PM jade.core.PlatformManagerImpl$1 nodeAdded
INFO: --- Node <sellers-market-3> ALIVE ---
[Broker] [2026-05-11 16:41:53] [MESSAGE] from ProtonDealer [LISTING_REGISTER            ] 2018 Proton Persona  RM 37000  [ID: 2B469A4C]
[Broker] [2026-05-11 16:41:53] [MESSAGE] to ProtonDealer [LISTING_ACK                 ] ACK for 2B469A4C
[Broker] [2026-05-11 16:41:53] [MESSAGE] from ProtonDealer [LISTING_REGISTER            ] 2019 Proton Persona  RM 40000  [ID: 2CB210C9]
[Broker] [2026-05-11 16:41:53] [MESSAGE] to ProtonDealer [LISTING_ACK                 ] ACK for 2CB210C9
[Broker] [2026-05-11 16:41:53] [MESSAGE] from ProtonDealer [LISTING_REGISTER            ] 2020 Proton Persona  RM 51000  [ID: 3D644DE2]
[Broker] [2026-05-11 16:41:53] [MESSAGE] to ProtonDealer [LISTING_ACK                 ] ACK for 3D644DE2
[Broker] [2026-05-11 16:41:53] [MESSAGE] from ProtonDealer [LISTING_REGISTER            ] 2021 Proton Persona  RM 50000  [ID: DEDF1D0F]
[Broker] [2026-05-11 16:41:53] [MESSAGE] to ProtonDealer [LISTING_ACK                 ] ACK for DEDF1D0F
[Broker] [2026-05-11 16:41:53] [MESSAGE] from ProtonDealer [LISTING_REGISTER            ] 2022 Proton Persona  RM 59000  [ID: F09F10E5]
[Broker] [2026-05-11 16:41:53] [MESSAGE] to ProtonDealer [LISTING_ACK                 ] ACK for F09F10E5
[Broker] [2026-05-11 16:41:53] [MESSAGE] from ProtonDealer [LISTING_REGISTER            ] 2023 Proton Persona  RM 61000  [ID: 5B13F300]
[Broker] [2026-05-11 16:41:53] [MESSAGE] to ProtonDealer [LISTING_ACK                 ] ACK for 5B13F300
[Broker] [2026-05-11 16:41:53] [MESSAGE] from ProtonDealer [LISTING_REGISTER            ] 2017 Proton Saga  RM 20000  [ID: C4552375]
[Broker] [2026-05-11 16:41:53] [MESSAGE] to ProtonDealer [LISTING_ACK                 ] ACK for C4552375
[Broker] [2026-05-11 16:41:53] [MESSAGE] from ProtonDealer [LISTING_REGISTER            ] 2018 Proton Saga  RM 25000  [ID: 932FB44C]
[Broker] [2026-05-11 16:41:53] [MESSAGE] to ProtonDealer [LISTING_ACK                 ] ACK for 932FB44C
[Broker] [2026-05-11 16:41:53] [MESSAGE] from ProtonDealer [LISTING_REGISTER            ] 2019 Proton Saga  RM 32000  [ID: DDDE6B3B]
[Broker] [2026-05-11 16:41:53] [MESSAGE] to ProtonDealer [LISTING_ACK                 ] ACK for DDDE6B3B
[Broker] [2026-05-11 16:41:53] [MESSAGE] from ProtonDealer [LISTING_REGISTER            ] 2020 Proton Saga  RM 36000  [ID: 1BF9B2EB]
[Broker] [2026-05-11 16:41:53] [MESSAGE] to ProtonDealer [LISTING_ACK                 ] ACK for 1BF9B2EB
[Broker] [2026-05-11 16:41:53] [MESSAGE] from ProtonDealer [LISTING_REGISTER            ] 2021 Proton Saga  RM 36000  [ID: B92D44DD]
[Broker] [2026-05-11 16:41:53] [MESSAGE] to ProtonDealer [LISTING_ACK                 ] ACK for B92D44DD
[Broker] [2026-05-11 16:41:53] [MESSAGE] from ProtonDealer [LISTING_REGISTER            ] 2022 Proton Saga  RM 39000  [ID: 59A7D1D3]
[Broker] [2026-05-11 16:41:53] [MESSAGE] to ProtonDealer [LISTING_ACK                 ] ACK for 59A7D1D3
[Broker] [2026-05-11 16:41:53] [MESSAGE] from ProtonDealer [LISTING_REGISTER            ] 2023 Proton Saga  RM 45000  [ID: 14770782]
[Broker] [2026-05-11 16:41:53] [MESSAGE] to ProtonDealer [LISTING_ACK                 ] ACK for 14770782
[Broker] [2026-05-11 16:41:53] [MESSAGE] from ProtonDealer [LISTING_REGISTER            ] 2019 Proton X50  RM 74000  [ID: 1A0B4E16]
[Broker] [2026-05-11 16:41:53] [MESSAGE] to ProtonDealer [LISTING_ACK                 ] ACK for 1A0B4E16
[Broker] [2026-05-11 16:41:53] [MESSAGE] from ProtonDealer [LISTING_REGISTER            ] 2020 Proton X50  RM 88000  [ID: 2EF249C8]
[Broker] [2026-05-11 16:41:53] [MESSAGE] to ProtonDealer [LISTING_ACK                 ] ACK for 2EF249C8
[Broker] [2026-05-11 16:41:53] [MESSAGE] from ProtonDealer [LISTING_REGISTER            ] 2021 Proton X50  RM 93000  [ID: ADBBE1DA]
[Broker] [2026-05-11 16:41:53] [MESSAGE] to ProtonDealer [LISTING_ACK                 ] ACK for ADBBE1DA
[Broker] [2026-05-11 16:41:53] [MESSAGE] from ProtonDealer [LISTING_REGISTER            ] 2022 Proton X50  RM 99000  [ID: 3953D7A0]
[Broker] [2026-05-11 16:41:53] [MESSAGE] to ProtonDealer [LISTING_ACK                 ] ACK for 3953D7A0
[Broker] [2026-05-11 16:41:53] [MESSAGE] from ProtonDealer [LISTING_REGISTER            ] 2023 Proton X50  RM 105000  [ID: 34DDE382]
[Broker] [2026-05-11 16:41:53] [MESSAGE] to ProtonDealer [LISTING_ACK                 ] ACK for 34DDE382
May 11, 2026 4:41:54 PM jade.core.PlatformManagerImpl localAddNode
INFO: Adding node <sellers-market-4> to the platform
May 11, 2026 4:41:54 PM jade.core.PlatformManagerImpl$1 nodeAdded
INFO: --- Node <sellers-market-4> ALIVE ---
[Broker] [2026-05-11 16:41:55] [MESSAGE] from MazdaDealer [LISTING_REGISTER            ] 2018 Mazda 3  RM 92000  [ID: 15A42ADD]
[Broker] [2026-05-11 16:41:55] [MESSAGE] to MazdaDealer  [LISTING_ACK                 ] ACK for 15A42ADD
[Broker] [2026-05-11 16:41:55] [MESSAGE] from MazdaDealer [LISTING_REGISTER            ] 2019 Mazda 3  RM 99000  [ID: B24C4883]
[Broker] [2026-05-11 16:41:55] [MESSAGE] to MazdaDealer  [LISTING_ACK                 ] ACK for B24C4883
[Broker] [2026-05-11 16:41:55] [MESSAGE] from MazdaDealer [LISTING_REGISTER            ] 2020 Mazda 3  RM 109000  [ID: 7D12F928]
[Broker] [2026-05-11 16:41:55] [MESSAGE] to MazdaDealer  [LISTING_ACK                 ] ACK for 7D12F928
[Broker] [2026-05-11 16:41:55] [MESSAGE] from MazdaDealer [LISTING_REGISTER            ] 2021 Mazda 3  RM 122000  [ID: DCF2B0EC]
[Broker] [2026-05-11 16:41:55] [MESSAGE] to MazdaDealer  [LISTING_ACK                 ] ACK for DCF2B0EC
[Broker] [2026-05-11 16:41:55] [MESSAGE] from MazdaDealer [LISTING_REGISTER            ] 2022 Mazda 3  RM 135000  [ID: 0823C2CE]
[Broker] [2026-05-11 16:41:55] [MESSAGE] to MazdaDealer  [LISTING_ACK                 ] ACK for 0823C2CE
[Broker] [2026-05-11 16:41:55] [MESSAGE] from MazdaDealer [LISTING_REGISTER            ] 2023 Mazda 3  RM 146000  [ID: 70AADDED]
[Broker] [2026-05-11 16:41:55] [MESSAGE] to MazdaDealer  [LISTING_ACK                 ] ACK for 70AADDED
[Broker] [2026-05-11 16:41:55] [MESSAGE] from MazdaDealer [LISTING_REGISTER            ] 2017 Mazda CX-5  RM 84000  [ID: 1B111ADE]
[Broker] [2026-05-11 16:41:55] [MESSAGE] to MazdaDealer  [LISTING_ACK                 ] ACK for 1B111ADE
[Broker] [2026-05-11 16:41:55] [MESSAGE] from MazdaDealer [LISTING_REGISTER            ] 2018 Mazda CX-5  RM 103000  [ID: 13A4C16D]
[Broker] [2026-05-11 16:41:55] [MESSAGE] to MazdaDealer  [LISTING_ACK                 ] ACK for 13A4C16D
[Broker] [2026-05-11 16:41:55] [MESSAGE] from MazdaDealer [LISTING_REGISTER            ] 2019 Mazda CX-5  RM 108000  [ID: C1D77349]
[Broker] [2026-05-11 16:41:55] [MESSAGE] to MazdaDealer  [LISTING_ACK                 ] ACK for C1D77349
[Broker] [2026-05-11 16:41:55] [MESSAGE] from MazdaDealer [LISTING_REGISTER            ] 2020 Mazda CX-5  RM 126000  [ID: A78C8A11]
[Broker] [2026-05-11 16:41:55] [MESSAGE] to MazdaDealer  [LISTING_ACK                 ] ACK for A78C8A11
[Broker] [2026-05-11 16:41:55] [MESSAGE] from MazdaDealer [LISTING_REGISTER            ] 2021 Mazda CX-5  RM 142000  [ID: 5960DF61]
[Broker] [2026-05-11 16:41:55] [MESSAGE] to MazdaDealer  [LISTING_ACK                 ] ACK for 5960DF61
[Broker] [2026-05-11 16:41:55] [MESSAGE] from MazdaDealer [LISTING_REGISTER            ] 2022 Mazda CX-5  RM 147000  [ID: 799ADF98]
[Broker] [2026-05-11 16:41:55] [MESSAGE] to MazdaDealer  [LISTING_ACK                 ] ACK for 799ADF98
[Broker] [2026-05-11 16:41:55] [MESSAGE] from MazdaDealer [LISTING_REGISTER            ] 2023 Mazda CX-5  RM 155000  [ID: AECC7D3B]
[Broker] [2026-05-11 16:41:55] [MESSAGE] to MazdaDealer  [LISTING_ACK                 ] ACK for AECC7D3B
May 11, 2026 4:41:56 PM jade.core.PlatformManagerImpl localAddNode
INFO: Adding node <sellers-market-5> to the platform
May 11, 2026 4:41:56 PM jade.core.PlatformManagerImpl$1 nodeAdded
INFO: --- Node <sellers-market-5> ALIVE ---
[Broker] [2026-05-11 16:41:57] [MESSAGE] from NissanDealer [LISTING_REGISTER            ] 2018 Nissan Almera  RM 48000  [ID: 1B5E8F57]
[Broker] [2026-05-11 16:41:57] [MESSAGE] to NissanDealer [LISTING_ACK                 ] ACK for 1B5E8F57
[Broker] [2026-05-11 16:41:57] [MESSAGE] from NissanDealer [LISTING_REGISTER            ] 2019 Nissan Almera  RM 48000  [ID: D0F5DAE2]
[Broker] [2026-05-11 16:41:57] [MESSAGE] to NissanDealer [LISTING_ACK                 ] ACK for D0F5DAE2
[Broker] [2026-05-11 16:41:57] [MESSAGE] from NissanDealer [LISTING_REGISTER            ] 2020 Nissan Almera  RM 60000  [ID: 35370CBE]
[Broker] [2026-05-11 16:41:57] [MESSAGE] to NissanDealer [LISTING_ACK                 ] ACK for 35370CBE
[Broker] [2026-05-11 16:41:57] [MESSAGE] from NissanDealer [LISTING_REGISTER            ] 2021 Nissan Almera  RM 63000  [ID: 3F379445]
[Broker] [2026-05-11 16:41:57] [MESSAGE] to NissanDealer [LISTING_ACK                 ] ACK for 3F379445
[Broker] [2026-05-11 16:41:57] [MESSAGE] from NissanDealer [LISTING_REGISTER            ] 2022 Nissan Almera  RM 70000  [ID: 1363B50E]
[Broker] [2026-05-11 16:41:57] [MESSAGE] to NissanDealer [LISTING_ACK                 ] ACK for 1363B50E
[Broker] [2026-05-11 16:41:57] [MESSAGE] from NissanDealer [LISTING_REGISTER            ] 2023 Nissan Almera  RM 77000  [ID: B8B4E8EB]
[Broker] [2026-05-11 16:41:57] [MESSAGE] to NissanDealer [LISTING_ACK                 ] ACK for B8B4E8EB
May 11, 2026 4:41:58 PM jade.core.PlatformManagerImpl localAddNode
INFO: Adding node <buyers-market> to the platform
May 11, 2026 4:41:58 PM jade.core.PlatformManagerImpl$1 nodeAdded
INFO: --- Node <buyers-market> ALIVE ---
May 11, 2026 4:42:00 PM jade.core.PlatformManagerImpl localAddNode
INFO: Adding node <buyers-market-1> to the platform
May 11, 2026 4:42:00 PM jade.core.PlatformManagerImpl$1 nodeAdded
INFO: --- Node <buyers-market-1> ALIVE ---
[Broker] [2026-05-11 16:42:00] [MESSAGE] from Tan06      [BUYER_REQUIREMENTS          ] Toyota (2021–any) ≤ RM 109000  [ID: BD429D26]
[Broker] [2026-05-11 16:42:00] [EVENT] AUTO MATCH  Buyer Tan06 [BD429D26] -> Listing 7DAD6863
[Broker] [2026-05-11 16:42:00] [EVENT] Assignment created  [neg-Tan06_172_17_75_103_1099_JADE-ToyotaDealer_172_17_75_103_1099_JADE-7DAD6863-920455]  Dealer: ToyotaDealer  ↔  Buyer: Tan06  Listing: 7DAD6863
[Broker] [2026-05-11 16:42:00] [MESSAGE] to ToyotaDealer [ASSIGNMENT_NOTIFY           ] Buyer: Tan06  Listing: 7DAD6863
[Broker] [2026-05-11 16:42:00] [MESSAGE] to Tan06        [ASSIGNMENT_NOTIFY           ] Dealer: ToyotaDealer  Listing: 7DAD6863
[Broker] [2026-05-11 16:42:00] [EVENT] AUTO MATCH  Buyer Tan06 [BD429D26] -> Listing E853059E
[Broker] [2026-05-11 16:42:00] [EVENT] Assignment created  [neg-Tan06_172_17_75_103_1099_JADE-ToyotaDealer_172_17_75_103_1099_JADE-E853059E-920473]  Dealer: ToyotaDealer  ↔  Buyer: Tan06  Listing: E853059E
[Broker] [2026-05-11 16:42:00] [MESSAGE] to ToyotaDealer [ASSIGNMENT_NOTIFY           ] Buyer: Tan06  Listing: E853059E
[Broker] [2026-05-11 16:42:00] [MESSAGE] to Tan06        [ASSIGNMENT_NOTIFY           ] Dealer: ToyotaDealer  Listing: E853059E
[Broker] [2026-05-11 16:42:00] [EVENT] AUTO MATCH  Buyer Tan06 [BD429D26] -> Listing F8911047
[Broker] [2026-05-11 16:42:00] [EVENT] Assignment created  [neg-Tan06_172_17_75_103_1099_JADE-ToyotaDealer_172_17_75_103_1099_JADE-F8911047-920481]  Dealer: ToyotaDealer  ↔  Buyer: Tan06  Listing: F8911047
[Broker] [2026-05-11 16:42:00] [MESSAGE] to ToyotaDealer [ASSIGNMENT_NOTIFY           ] Buyer: Tan06  Listing: F8911047
[Broker] [2026-05-11 16:42:00] [MESSAGE] to Tan06        [ASSIGNMENT_NOTIFY           ] Dealer: ToyotaDealer  Listing: F8911047
[Broker] [2026-05-11 16:42:00] [EVENT] AUTO MATCH  Buyer Tan06 [BD429D26] -> Listing 375529E1
[Broker] [2026-05-11 16:42:00] [EVENT] Assignment created  [neg-Tan06_172_17_75_103_1099_JADE-ToyotaDealer_172_17_75_103_1099_JADE-375529E1-920489]  Dealer: ToyotaDealer  ↔  Buyer: Tan06  Listing: 375529E1
[Broker] [2026-05-11 16:42:00] [MESSAGE] to ToyotaDealer [ASSIGNMENT_NOTIFY           ] Buyer: Tan06  Listing: 375529E1
[Broker] [2026-05-11 16:42:00] [MESSAGE] to Tan06        [ASSIGNMENT_NOTIFY           ] Dealer: ToyotaDealer  Listing: 375529E1
[Broker] [2026-05-11 16:42:00] [EVENT] AUTO MATCH  Buyer Tan06 [BD429D26] -> Listing 570B48AD
[Broker] [2026-05-11 16:42:00] [EVENT] Assignment created  [neg-Tan06_172_17_75_103_1099_JADE-ToyotaDealer_172_17_75_103_1099_JADE-570B48AD-920498]  Dealer: ToyotaDealer  ↔  Buyer: Tan06  Listing: 570B48AD
[Broker] [2026-05-11 16:42:00] [MESSAGE] to ToyotaDealer [ASSIGNMENT_NOTIFY           ] Buyer: Tan06  Listing: 570B48AD
[Broker] [2026-05-11 16:42:00] [MESSAGE] to Tan06        [ASSIGNMENT_NOTIFY           ] Dealer: ToyotaDealer  Listing: 570B48AD
[Broker] [2026-05-11 16:42:00] [EVENT] AUTO MATCH  Buyer Tan06 [BD429D26] -> Listing 50D61A8F
[Broker] [2026-05-11 16:42:00] [EVENT] Assignment created  [neg-Tan06_172_17_75_103_1099_JADE-ToyotaDealer_172_17_75_103_1099_JADE-50D61A8F-920505]  Dealer: ToyotaDealer  ↔  Buyer: Tan06  Listing: 50D61A8F
[Broker] [2026-05-11 16:42:00] [MESSAGE] to ToyotaDealer [ASSIGNMENT_NOTIFY           ] Buyer: Tan06  Listing: 50D61A8F
[Broker] [2026-05-11 16:42:00] [MESSAGE] to Tan06        [ASSIGNMENT_NOTIFY           ] Dealer: ToyotaDealer  Listing: 50D61A8F
[Broker] [2026-05-11 16:42:00] [MESSAGE] to Tan06        [REQUIREMENTS_ACK            ] ACK for BD429D26
[Broker] [2026-05-11 16:42:00] [NEGOTIATION] [neg-Tan06_172_17_75_103_1099_JADE-ToyotaDealer_172_17_75_103_1099_JADE-7DAD6863-920455]  Tan06 → ToyotaDealer  ACL.PROPOSE  OFFER  RM 82000  "Auto-negotiation started. My opening offer: RM 82000"
[Broker] [2026-05-11 16:42:00] [MESSAGE] to ToyotaDealer [NEG_OFFER                   ] [neg-Tan06_172_17_75_103_1099_JADE-ToyotaDealer_172_17_75_103_1099_JADE-7DAD6863-920455] ACL.PROPOSE from Tan06  RM 82000
[Broker] [2026-05-11 16:42:01] [NEGOTIATION] [neg-Tan06_172_17_75_103_1099_JADE-ToyotaDealer_172_17_75_103_1099_JADE-7DAD6863-920455]  ToyotaDealer → Tan06  ACL.PROPOSE  OFFER  RM 99000
[Broker] [2026-05-11 16:42:01] [MESSAGE] to Tan06        [NEG_OFFER                   ] [neg-Tan06_172_17_75_103_1099_JADE-ToyotaDealer_172_17_75_103_1099_JADE-7DAD6863-920455] ACL.PROPOSE from ToyotaDealer  RM 99000
[Broker] [2026-05-11 16:42:01] [NEGOTIATION] [neg-Tan06_172_17_75_103_1099_JADE-ToyotaDealer_172_17_75_103_1099_JADE-7DAD6863-920455]  Tan06 → ToyotaDealer  ACL.PROPOSE  OFFER  RM 97200
[Broker] [2026-05-11 16:42:01] [MESSAGE] to ToyotaDealer [NEG_OFFER                   ] [neg-Tan06_172_17_75_103_1099_JADE-ToyotaDealer_172_17_75_103_1099_JADE-7DAD6863-920455] ACL.PROPOSE from Tan06  RM 97200
May 11, 2026 4:42:02 PM jade.core.PlatformManagerImpl localAddNode
INFO: Adding node <buyers-market-2> to the platform
May 11, 2026 4:42:02 PM jade.core.PlatformManagerImpl$1 nodeAdded
INFO: --- Node <buyers-market-2> ALIVE ---
[Broker] [2026-05-11 16:42:02] [MESSAGE] from Raju86     [BUYER_REQUIREMENTS          ] Mazda (2018–any) Used ≤ RM 97000  [ID: CEDD996A]
[Broker] [2026-05-11 16:42:02] [MESSAGE] to Raju86       [REQUIREMENTS_ACK            ] ACK for CEDD996A
[Broker] [2026-05-11 16:42:02] [NEGOTIATION] [neg-Tan06_172_17_75_103_1099_JADE-ToyotaDealer_172_17_75_103_1099_JADE-7DAD6863-920455]  ToyotaDealer → Tan06  ACL.PROPOSE  OFFER  RM 99000
[Broker] [2026-05-11 16:42:02] [MESSAGE] to Tan06        [NEG_OFFER                   ] [neg-Tan06_172_17_75_103_1099_JADE-ToyotaDealer_172_17_75_103_1099_JADE-7DAD6863-920455] ACL.PROPOSE from ToyotaDealer  RM 99000
[Broker] [2026-05-11 16:42:02] [NEGOTIATION] [neg-Tan06_172_17_75_103_1099_JADE-ToyotaDealer_172_17_75_103_1099_JADE-7DAD6863-920455]  Tan06 → ToyotaDealer  ACL.PROPOSE  OFFER  RM 98800
[Broker] [2026-05-11 16:42:02] [MESSAGE] to ToyotaDealer [NEG_OFFER                   ] [neg-Tan06_172_17_75_103_1099_JADE-ToyotaDealer_172_17_75_103_1099_JADE-7DAD6863-920455] ACL.PROPOSE from Tan06  RM 98800
May 11, 2026 4:42:04 PM jade.core.PlatformManagerImpl localAddNode
INFO: Adding node <buyers-market-3> to the platform
May 11, 2026 4:42:04 PM jade.core.PlatformManagerImpl$1 nodeAdded
INFO: --- Node <buyers-market-3> ALIVE ---
[Broker] [2026-05-11 16:42:04] [MESSAGE] from Priya17    [BUYER_REQUIREMENTS          ] Honda City Used ≤ RM 46500  [ID: 7F0A025E]
[Broker] [2026-05-11 16:42:04] [MESSAGE] to Priya17      [REQUIREMENTS_ACK            ] ACK for 7F0A025E
[Broker] [2026-05-11 16:42:04] [NEGOTIATION] [neg-Tan06_172_17_75_103_1099_JADE-ToyotaDealer_172_17_75_103_1099_JADE-7DAD6863-920455]  ToyotaDealer → Tan06  ACL.PROPOSE  OFFER  RM 98900
[Broker] [2026-05-11 16:42:04] [MESSAGE] to Tan06        [NEG_OFFER                   ] [neg-Tan06_172_17_75_103_1099_JADE-ToyotaDealer_172_17_75_103_1099_JADE-7DAD6863-920455] ACL.PROPOSE from ToyotaDealer  RM 98900
[Broker] [2026-05-11 16:42:04] [NEGOTIATION] [neg-Tan06_172_17_75_103_1099_JADE-ToyotaDealer_172_17_75_103_1099_JADE-7DAD6863-920455]  Tan06 → ToyotaDealer  ACL.PROPOSE  OFFER  RM 98800
[Broker] [2026-05-11 16:42:04] [MESSAGE] to ToyotaDealer [NEG_OFFER                   ] [neg-Tan06_172_17_75_103_1099_JADE-ToyotaDealer_172_17_75_103_1099_JADE-7DAD6863-920455] ACL.PROPOSE from Tan06  RM 98800
May 11, 2026 4:42:06 PM jade.core.PlatformManagerImpl localAddNode
INFO: Adding node <buyers-market-4> to the platform
May 11, 2026 4:42:06 PM jade.core.PlatformManagerImpl$1 nodeAdded
INFO: --- Node <buyers-market-4> ALIVE ---
[Broker] [2026-05-11 16:42:06] [MESSAGE] from Priya85    [BUYER_REQUIREMENTS          ] Toyota Vios (2021–any) ≤ RM 76000  [ID: C31B2590]
[Broker] [2026-05-11 16:42:06] [MESSAGE] to Priya85      [REQUIREMENTS_ACK            ] ACK for C31B2590
[Broker] [2026-05-11 16:42:06] [NEGOTIATION] [neg-Tan06_172_17_75_103_1099_JADE-ToyotaDealer_172_17_75_103_1099_JADE-7DAD6863-920455]  ToyotaDealer → Tan06  ACL.PROPOSE  OFFER  RM 98700
[Broker] [2026-05-11 16:42:06] [MESSAGE] to Tan06        [NEG_OFFER                   ] [neg-Tan06_172_17_75_103_1099_JADE-ToyotaDealer_172_17_75_103_1099_JADE-7DAD6863-920455] ACL.PROPOSE from ToyotaDealer  RM 98700
[Broker] [2026-05-11 16:42:06] [NEGOTIATION] [neg-Tan06_172_17_75_103_1099_JADE-ToyotaDealer_172_17_75_103_1099_JADE-7DAD6863-920455]  Tan06 → ToyotaDealer  ACL.PROPOSE  OFFER  RM 98600
[Broker] [2026-05-11 16:42:06] [MESSAGE] to ToyotaDealer [NEG_OFFER                   ] [neg-Tan06_172_17_75_103_1099_JADE-ToyotaDealer_172_17_75_103_1099_JADE-7DAD6863-920455] ACL.PROPOSE from Tan06  RM 98600
[Broker] [2026-05-11 16:42:08] [MESSAGE] from Wei88      [BUYER_REQUIREMENTS          ] Toyota (2021–any) Used ≤ RM 50000  [ID: A856E62B]
[Broker] [2026-05-11 16:42:08] [MESSAGE] to Wei88        [REQUIREMENTS_ACK            ] ACK for A856E62B
[Broker] [2026-05-11 16:42:08] [EVENT] LISTING REMOVED  [7DAD6863]  Car: Toyota Yaris  Sold to: Tan06  Price: RM 98600
[Broker] [2026-05-11 16:42:08] [EVENT] DEAL COMPLETE  [neg-Tan06_172_17_75_103_1099_JADE-ToyotaDealer_172_17_75_103_1099_JADE-7DAD6863-920455]  Final price: RM 98600
[Report] Reports directory: E:\javaIDE\javacode\COS30018-Dealership-project\Scripts\reports
[Report] Saved: E:\javaIDE\javacode\COS30018-Dealership-project\Scripts\reports\neg-Tan06_172_17_75_103_1099_JADE-ToyotaDealer_172_17_75_103_1099_JADE-7DAD6863-920455_Tan06_vs_ToyotaDealer.html
[Broker] [2026-05-11 16:42:08] [INFO] Conversation saved: neg-Tan06_172_17_75_103_1099_JADE-ToyotaDealer_172_17_75_103_1099_JADE-7DAD6863-920455
[Broker] [2026-05-11 16:42:08] [MESSAGE] to ToyotaDealer [DEAL_COMPLETE               ] [neg-Tan06_172_17_75_103_1099_JADE-ToyotaDealer_172_17_75_103_1099_JADE-7DAD6863-920455] ACL.INFORM Final price: RM 98600
[Broker] [2026-05-11 16:42:08] [MESSAGE] to Tan06        [DEAL_COMPLETE               ] [neg-Tan06_172_17_75_103_1099_JADE-ToyotaDealer_172_17_75_103_1099_JADE-7DAD6863-920455] ACL.INFORM Final price: RM 98600
[Broker] [2026-05-11 17:01:39] [INFO] Emergency save request from ToyotaDealer
[Broker] [2026-05-11 17:01:39] [INFO] Emergency saved conversation: neg-Tan06_172_17_75_103_1099_JADE-ToyotaDealer_172_17_75_103_1099_JADE-7DAD6863-920455
[Broker] [2026-05-11 17:01:39] [INFO] Emergency saved conversation: neg-Tan06_172_17_75_103_1099_JADE-ToyotaDealer_172_17_75_103_1099_JADE-375529E1-920489
[Broker] [2026-05-11 17:01:39] [INFO] Emergency saved conversation: neg-Tan06_172_17_75_103_1099_JADE-ToyotaDealer_172_17_75_103_1099_JADE-F8911047-920481
[Broker] [2026-05-11 17:01:39] [INFO] Emergency saved conversation: neg-Tan06_172_17_75_103_1099_JADE-ToyotaDealer_172_17_75_103_1099_JADE-50D61A8F-920505
[Broker] [2026-05-11 17:01:39] [INFO] Emergency saved conversation: neg-Tan06_172_17_75_103_1099_JADE-ToyotaDealer_172_17_75_103_1099_JADE-570B48AD-920498
[Broker] [2026-05-11 17:01:39] [INFO] Emergency saved conversation: neg-Tan06_172_17_75_103_1099_JADE-ToyotaDealer_172_17_75_103_1099_JADE-E853059E-920473
[Broker] [2026-05-11 17:01:39] [INFO] Emergency save request from Tan06
[Broker] [2026-05-11 17:01:39] [INFO] Emergency saved conversation: neg-Tan06_172_17_75_103_1099_JADE-ToyotaDealer_172_17_75_103_1099_JADE-7DAD6863-920455
[Broker] [2026-05-11 17:01:39] [INFO] Emergency saved conversation: neg-Tan06_172_17_75_103_1099_JADE-ToyotaDealer_172_17_75_103_1099_JADE-375529E1-920489
[Broker] [2026-05-11 17:01:39] [INFO] Emergency saved conversation: neg-Tan06_172_17_75_103_1099_JADE-ToyotaDealer_172_17_75_103_1099_JADE-F8911047-920481
[Broker] [2026-05-11 17:01:39] [INFO] Emergency saved conversation: neg-Tan06_172_17_75_103_1099_JADE-ToyotaDealer_172_17_75_103_1099_JADE-50D61A8F-920505
[Broker] [2026-05-11 17:01:39] [INFO] Emergency saved conversation: neg-Tan06_172_17_75_103_1099_JADE-ToyotaDealer_172_17_75_103_1099_JADE-570B48AD-920498
[Broker] [2026-05-11 17:01:39] [INFO] Emergency saved conversation: neg-Tan06_172_17_75_103_1099_JADE-ToyotaDealer_172_17_75_103_1099_JADE-E853059E-920473
[Broker] [2026-05-11 17:01:39] [INFO] Broker shut down.
