[Launcher] Logging to E:\javaIDE\javacode\COS30018-Dealership-project\Scripts\logs\MazdaDealer.log
[Launcher] Creating sellers container...
[Launcher] Connecting to JADE platform at 172.17.75.103:1099...
[Launcher] Binding to local IP: 172.17.75.103
May 11, 2026 4:41:53 PM jade.core.Runtime beginContainer
INFO: ----------------------------------
    This is JADE 4.6.0 - revision 6869 of 30-11-2022 14:47:03
    downloaded in Open Source, under LGPL restrictions,
    at http://jade.tilab.com/
----------------------------------------
May 11, 2026 4:41:53 PM jade.imtp.leap.LEAPIMTPManager initialize
INFO: Listening for intra-platform commands on address:
- jicp://172.17.75.103:53762

May 11, 2026 4:41:54 PM jade.core.BaseService init
INFO: Service jade.core.management.AgentManagement initialized
May 11, 2026 4:41:54 PM jade.core.BaseService init
INFO: Service jade.core.messaging.Messaging initialized
May 11, 2026 4:41:54 PM jade.core.BaseService init
INFO: Service jade.core.resource.ResourceManagement initialized
May 11, 2026 4:41:54 PM jade.core.BaseService init
INFO: Service jade.core.mobility.AgentMobility initialized
May 11, 2026 4:41:54 PM jade.core.BaseService init
INFO: Service jade.core.event.Notification initialized
May 11, 2026 4:41:54 PM jade.core.AgentContainerImpl joinPlatform
INFO: --------------------------------------
Agent container sellers-market-4@172.17.75.103 is ready.
--------------------------------------------
[Launcher] Successfully connected to JADE platform
[Launcher] Sellers container 'sellers-market' created at 172.17.75.103
[Launcher] Dealer agent 'MazdaDealer' joined sellers container at 172.17.75.103
[Launcher] DEALER 'MazdaDealer' running. Press Ctrl+C to stop.
[Dealer:MazdaDealer] [2026-05-11 16:41:54] [INFO] Broker found in DF: broker@172.17.75.103:1099/JADE
[Dealer:MazdaDealer] [2026-05-11 16:41:54] [INFO] Dealer Agent 'MazdaDealer' started. AID: MazdaDealer@172.17.75.103:1099/JADE
[Dealer:MazdaDealer] [2026-05-11 16:41:54] [INFO] Connected to Broker: broker@172.17.75.103:1099/JADE
[Dealer:MazdaDealer] [2026-05-11 16:41:54] [INFO] Loading config from E:\javaIDE\javacode\COS30018-Dealership-project\Scripts\agent_configs\MazdaDealer_config.json — 13 listings
[Dealer:MazdaDealer] [2026-05-11 16:41:54] [INFO] [AUTO-DEALER] Auto mode ENABLED | Strategy: TIME_DEPENDENT_BOULWARE | Margin: 10%
[Dealer:MazdaDealer] [2026-05-11 16:41:54] [INFO] [AUTO-DEALER] Auto mode armed: strategy=TIME_DEPENDENT_BOULWARE margin=10%
[Dealer:MazdaDealer] [2026-05-11 16:41:55] [MESSAGE] to Broker       [LISTING_REGISTER            ] 2018 Mazda 3  RM 92000  [15A42ADD]
[Dealer:MazdaDealer] [2026-05-11 16:41:55] [MESSAGE] to Broker       [LISTING_REGISTER            ] 2019 Mazda 3  RM 99000  [B24C4883]
[Dealer:MazdaDealer] [2026-05-11 16:41:55] [MESSAGE] to Broker       [LISTING_REGISTER            ] 2020 Mazda 3  RM 109000  [7D12F928]
[Dealer:MazdaDealer] [2026-05-11 16:41:55] [MESSAGE] to Broker       [LISTING_REGISTER            ] 2021 Mazda 3  RM 122000  [DCF2B0EC]
[Dealer:MazdaDealer] [2026-05-11 16:41:55] [MESSAGE] to Broker       [LISTING_REGISTER            ] 2022 Mazda 3  RM 135000  [0823C2CE]
[Dealer:MazdaDealer] [2026-05-11 16:41:55] [MESSAGE] to Broker       [LISTING_REGISTER            ] 2023 Mazda 3  RM 146000  [70AADDED]
[Dealer:MazdaDealer] [2026-05-11 16:41:55] [MESSAGE] to Broker       [LISTING_REGISTER            ] 2017 Mazda CX-5  RM 84000  [1B111ADE]
[Dealer:MazdaDealer] [2026-05-11 16:41:55] [MESSAGE] to Broker       [LISTING_REGISTER            ] 2018 Mazda CX-5  RM 103000  [13A4C16D]
[Dealer:MazdaDealer] [2026-05-11 16:41:55] [MESSAGE] to Broker       [LISTING_REGISTER            ] 2019 Mazda CX-5  RM 108000  [C1D77349]
[Dealer:MazdaDealer] [2026-05-11 16:41:55] [MESSAGE] to Broker       [LISTING_REGISTER            ] 2020 Mazda CX-5  RM 126000  [A78C8A11]
[Dealer:MazdaDealer] [2026-05-11 16:41:55] [MESSAGE] to Broker       [LISTING_REGISTER            ] 2021 Mazda CX-5  RM 142000  [5960DF61]
[Dealer:MazdaDealer] [2026-05-11 16:41:55] [MESSAGE] to Broker       [LISTING_REGISTER            ] 2022 Mazda CX-5  RM 147000  [799ADF98]
[Dealer:MazdaDealer] [2026-05-11 16:41:55] [MESSAGE] to Broker       [LISTING_REGISTER            ] 2023 Mazda CX-5  RM 155000  [AECC7D3B]
[Dealer:MazdaDealer] [2026-05-11 16:41:55] [INFO] All listings submitted from config.
[Dealer:MazdaDealer] [2026-05-11 16:41:55] [MESSAGE] from Broker     [LISTING_ACK                 ] Listing 15A42ADD confirmed stored
[Dealer:MazdaDealer] [2026-05-11 16:41:55] [MESSAGE] from Broker     [LISTING_ACK                 ] Listing B24C4883 confirmed stored
[Dealer:MazdaDealer] [2026-05-11 16:41:55] [MESSAGE] from Broker     [LISTING_ACK                 ] Listing 7D12F928 confirmed stored
[Dealer:MazdaDealer] [2026-05-11 16:41:55] [MESSAGE] from Broker     [LISTING_ACK                 ] Listing DCF2B0EC confirmed stored
[Dealer:MazdaDealer] [2026-05-11 16:41:55] [MESSAGE] from Broker     [LISTING_ACK                 ] Listing 0823C2CE confirmed stored
[Dealer:MazdaDealer] [2026-05-11 16:41:55] [MESSAGE] from Broker     [LISTING_ACK                 ] Listing 70AADDED confirmed stored
[Dealer:MazdaDealer] [2026-05-11 16:41:55] [MESSAGE] from Broker     [LISTING_ACK                 ] Listing 1B111ADE confirmed stored
[Dealer:MazdaDealer] [2026-05-11 16:41:55] [MESSAGE] from Broker     [LISTING_ACK                 ] Listing 13A4C16D confirmed stored
[Dealer:MazdaDealer] [2026-05-11 16:41:55] [MESSAGE] from Broker     [LISTING_ACK                 ] Listing C1D77349 confirmed stored
[Dealer:MazdaDealer] [2026-05-11 16:41:55] [MESSAGE] from Broker     [LISTING_ACK                 ] Listing A78C8A11 confirmed stored
[Dealer:MazdaDealer] [2026-05-11 16:41:55] [MESSAGE] from Broker     [LISTING_ACK                 ] Listing 5960DF61 confirmed stored
[Dealer:MazdaDealer] [2026-05-11 16:41:55] [MESSAGE] from Broker     [LISTING_ACK                 ] Listing 799ADF98 confirmed stored
[Dealer:MazdaDealer] [2026-05-11 16:41:55] [MESSAGE] from Broker     [LISTING_ACK                 ] Listing AECC7D3B confirmed stored
[Dealer:MazdaDealer] [2026-05-11 17:01:39] [INFO] Dealer 'MazdaDealer' shutting down.
