[Launcher] Logging to E:\javaIDE\javacode\COS30018-Dealership-project\Scripts\logs\ProtonDealer.log
[Launcher] Creating sellers container...
[Launcher] Connecting to JADE platform at 172.17.75.103:1099...
[Launcher] Binding to local IP: 172.17.75.103
May 11, 2026 4:41:51 PM jade.core.Runtime beginContainer
INFO: ----------------------------------
    This is JADE 4.6.0 - revision 6869 of 30-11-2022 14:47:03
    downloaded in Open Source, under LGPL restrictions,
    at http://jade.tilab.com/
----------------------------------------
May 11, 2026 4:41:51 PM jade.imtp.leap.LEAPIMTPManager initialize
INFO: Listening for intra-platform commands on address:
- jicp://172.17.75.103:53756

May 11, 2026 4:41:52 PM jade.core.BaseService init
INFO: Service jade.core.management.AgentManagement initialized
May 11, 2026 4:41:52 PM jade.core.BaseService init
INFO: Service jade.core.messaging.Messaging initialized
May 11, 2026 4:41:52 PM jade.core.BaseService init
INFO: Service jade.core.resource.ResourceManagement initialized
May 11, 2026 4:41:52 PM jade.core.BaseService init
INFO: Service jade.core.mobility.AgentMobility initialized
May 11, 2026 4:41:52 PM jade.core.BaseService init
INFO: Service jade.core.event.Notification initialized
May 11, 2026 4:41:52 PM jade.core.AgentContainerImpl joinPlatform
INFO: --------------------------------------
Agent container sellers-market-3@172.17.75.103 is ready.
--------------------------------------------
[Launcher] Successfully connected to JADE platform
[Launcher] Sellers container 'sellers-market' created at 172.17.75.103
[Launcher] Dealer agent 'ProtonDealer' joined sellers container at 172.17.75.103
[Launcher] DEALER 'ProtonDealer' running. Press Ctrl+C to stop.
[Dealer:ProtonDealer] [2026-05-11 16:41:52] [INFO] Broker found in DF: broker@172.17.75.103:1099/JADE
[Dealer:ProtonDealer] [2026-05-11 16:41:52] [INFO] Dealer Agent 'ProtonDealer' started. AID: ProtonDealer@172.17.75.103:1099/JADE
[Dealer:ProtonDealer] [2026-05-11 16:41:52] [INFO] Connected to Broker: broker@172.17.75.103:1099/JADE
[Dealer:ProtonDealer] [2026-05-11 16:41:52] [INFO] Loading config from E:\javaIDE\javacode\COS30018-Dealership-project\Scripts\agent_configs\ProtonDealer_config.json — 18 listings
[Dealer:ProtonDealer] [2026-05-11 16:41:52] [INFO] [AUTO-DEALER] Auto mode ENABLED | Strategy: TIME_DEPENDENT_BOULWARE | Margin: 10%
[Dealer:ProtonDealer] [2026-05-11 16:41:52] [INFO] [AUTO-DEALER] Auto mode armed: strategy=TIME_DEPENDENT_BOULWARE margin=10%
[Dealer:ProtonDealer] [2026-05-11 16:41:53] [MESSAGE] to Broker       [LISTING_REGISTER            ] 2018 Proton Persona  RM 37000  [2B469A4C]
[Dealer:ProtonDealer] [2026-05-11 16:41:53] [MESSAGE] to Broker       [LISTING_REGISTER            ] 2019 Proton Persona  RM 40000  [2CB210C9]
[Dealer:ProtonDealer] [2026-05-11 16:41:53] [MESSAGE] to Broker       [LISTING_REGISTER            ] 2020 Proton Persona  RM 51000  [3D644DE2]
[Dealer:ProtonDealer] [2026-05-11 16:41:53] [MESSAGE] to Broker       [LISTING_REGISTER            ] 2021 Proton Persona  RM 50000  [DEDF1D0F]
[Dealer:ProtonDealer] [2026-05-11 16:41:53] [MESSAGE] to Broker       [LISTING_REGISTER            ] 2022 Proton Persona  RM 59000  [F09F10E5]
[Dealer:ProtonDealer] [2026-05-11 16:41:53] [MESSAGE] to Broker       [LISTING_REGISTER            ] 2023 Proton Persona  RM 61000  [5B13F300]
[Dealer:ProtonDealer] [2026-05-11 16:41:53] [MESSAGE] to Broker       [LISTING_REGISTER            ] 2017 Proton Saga  RM 20000  [C4552375]
[Dealer:ProtonDealer] [2026-05-11 16:41:53] [MESSAGE] to Broker       [LISTING_REGISTER            ] 2018 Proton Saga  RM 25000  [932FB44C]
[Dealer:ProtonDealer] [2026-05-11 16:41:53] [MESSAGE] to Broker       [LISTING_REGISTER            ] 2019 Proton Saga  RM 32000  [DDDE6B3B]
[Dealer:ProtonDealer] [2026-05-11 16:41:53] [MESSAGE] to Broker       [LISTING_REGISTER            ] 2020 Proton Saga  RM 36000  [1BF9B2EB]
[Dealer:ProtonDealer] [2026-05-11 16:41:53] [MESSAGE] to Broker       [LISTING_REGISTER            ] 2021 Proton Saga  RM 36000  [B92D44DD]
[Dealer:ProtonDealer] [2026-05-11 16:41:53] [MESSAGE] to Broker       [LISTING_REGISTER            ] 2022 Proton Saga  RM 39000  [59A7D1D3]
[Dealer:ProtonDealer] [2026-05-11 16:41:53] [MESSAGE] to Broker       [LISTING_REGISTER            ] 2023 Proton Saga  RM 45000  [14770782]
[Dealer:ProtonDealer] [2026-05-11 16:41:53] [MESSAGE] to Broker       [LISTING_REGISTER            ] 2019 Proton X50  RM 74000  [1A0B4E16]
[Dealer:ProtonDealer] [2026-05-11 16:41:53] [MESSAGE] to Broker       [LISTING_REGISTER            ] 2020 Proton X50  RM 88000  [2EF249C8]
[Dealer:ProtonDealer] [2026-05-11 16:41:53] [MESSAGE] to Broker       [LISTING_REGISTER            ] 2021 Proton X50  RM 93000  [ADBBE1DA]
[Dealer:ProtonDealer] [2026-05-11 16:41:53] [MESSAGE] to Broker       [LISTING_REGISTER            ] 2022 Proton X50  RM 99000  [3953D7A0]
[Dealer:ProtonDealer] [2026-05-11 16:41:53] [MESSAGE] to Broker       [LISTING_REGISTER            ] 2023 Proton X50  RM 105000  [34DDE382]
[Dealer:ProtonDealer] [2026-05-11 16:41:53] [INFO] All listings submitted from config.
[Dealer:ProtonDealer] [2026-05-11 16:41:53] [MESSAGE] from Broker     [LISTING_ACK                 ] Listing 2B469A4C confirmed stored
[Dealer:ProtonDealer] [2026-05-11 16:41:53] [MESSAGE] from Broker     [LISTING_ACK                 ] Listing 2CB210C9 confirmed stored
[Dealer:ProtonDealer] [2026-05-11 16:41:53] [MESSAGE] from Broker     [LISTING_ACK                 ] Listing 3D644DE2 confirmed stored
[Dealer:ProtonDealer] [2026-05-11 16:41:53] [MESSAGE] from Broker     [LISTING_ACK                 ] Listing DEDF1D0F confirmed stored
[Dealer:ProtonDealer] [2026-05-11 16:41:53] [MESSAGE] from Broker     [LISTING_ACK                 ] Listing F09F10E5 confirmed stored
[Dealer:ProtonDealer] [2026-05-11 16:41:53] [MESSAGE] from Broker     [LISTING_ACK                 ] Listing 5B13F300 confirmed stored
[Dealer:ProtonDealer] [2026-05-11 16:41:53] [MESSAGE] from Broker     [LISTING_ACK                 ] Listing C4552375 confirmed stored
[Dealer:ProtonDealer] [2026-05-11 16:41:53] [MESSAGE] from Broker     [LISTING_ACK                 ] Listing 932FB44C confirmed stored
[Dealer:ProtonDealer] [2026-05-11 16:41:53] [MESSAGE] from Broker     [LISTING_ACK                 ] Listing DDDE6B3B confirmed stored
[Dealer:ProtonDealer] [2026-05-11 16:41:53] [MESSAGE] from Broker     [LISTING_ACK                 ] Listing 1BF9B2EB confirmed stored
[Dealer:ProtonDealer] [2026-05-11 16:41:53] [MESSAGE] from Broker     [LISTING_ACK                 ] Listing B92D44DD confirmed stored
[Dealer:ProtonDealer] [2026-05-11 16:41:53] [MESSAGE] from Broker     [LISTING_ACK                 ] Listing 59A7D1D3 confirmed stored
[Dealer:ProtonDealer] [2026-05-11 16:41:53] [MESSAGE] from Broker     [LISTING_ACK                 ] Listing 14770782 confirmed stored
[Dealer:ProtonDealer] [2026-05-11 16:41:53] [MESSAGE] from Broker     [LISTING_ACK                 ] Listing 1A0B4E16 confirmed stored
[Dealer:ProtonDealer] [2026-05-11 16:41:53] [MESSAGE] from Broker     [LISTING_ACK                 ] Listing 2EF249C8 confirmed stored
[Dealer:ProtonDealer] [2026-05-11 16:41:53] [MESSAGE] from Broker     [LISTING_ACK                 ] Listing ADBBE1DA confirmed stored
[Dealer:ProtonDealer] [2026-05-11 16:41:53] [MESSAGE] from Broker     [LISTING_ACK                 ] Listing 3953D7A0 confirmed stored
[Dealer:ProtonDealer] [2026-05-11 16:41:53] [MESSAGE] from Broker     [LISTING_ACK                 ] Listing 34DDE382 confirmed stored
[Dealer:ProtonDealer] [2026-05-11 17:01:39] [INFO] Dealer 'ProtonDealer' shutting down.
