[Broker] [2026-05-29 05:14:21] [ERROR] DF registration failed
jade.domain.FIPAAgentManagement.FailureException: ((action ( agent-identifier :name df@192.168.1.217:1099/JADE  :addresses (sequence http://MSI.home:7778/acc )) (register (df-agent-description :name ( agent-identifier :name broker@192.168.1.217:1099/JADE  :addresses (sequence http://MSI.home:7778/acc )) :services (set (service-description :name car-negotiation-platform :type car-negotiation-broker))))) already-registered)
	at jade.domain.FIPAService.doFipaRequestClient(FIPAService.java:172)
	at jade.domain.FIPAService.doFipaRequestClient(FIPAService.java:102)
	at jade.domain.DFService.register(DFService.java:166)
	at jade.domain.DFService.register(DFService.java:180)
	at negotiation.agents.BrokerAgent.registerWithDF(BrokerAgent.java:94)
	at negotiation.agents.BrokerAgent.setup(BrokerAgent.java:61)
	at jade.core.Agent$ActiveLifeCycle.init(Agent.java:1641)
	at jade.core.Agent.run(Agent.java:1587)
	at java.base/java.lang.Thread.run(Thread.java:1447)
[Broker] [2026-05-29 05:41:44] [ERROR] DF registration failed
jade.domain.FIPAAgentManagement.FailureException: ((action ( agent-identifier :name df@192.168.1.217:1099/JADE  :addresses (sequence http://MSI.home:7778/acc )) (register (df-agent-description :name ( agent-identifier :name broker@192.168.1.217:1099/JADE  :addresses (sequence http://MSI.home:7778/acc )) :services (set (service-description :name car-negotiation-platform :type car-negotiation-broker))))) already-registered)
	at jade.domain.FIPAService.doFipaRequestClient(FIPAService.java:172)
	at jade.domain.FIPAService.doFipaRequestClient(FIPAService.java:102)
	at jade.domain.DFService.register(DFService.java:166)
	at jade.domain.DFService.register(DFService.java:180)
	at negotiation.agents.BrokerAgent.registerWithDF(BrokerAgent.java:94)
	at negotiation.agents.BrokerAgent.setup(BrokerAgent.java:61)
	at jade.core.Agent$ActiveLifeCycle.init(Agent.java:1641)
	at jade.core.Agent.run(Agent.java:1587)
	at java.base/java.lang.Thread.run(Thread.java:1447)
